<?xml version="1.0" encoding="UTF-8"?>
<!-- Generated by org.testng.reporters.JUnitReportReporter -->
<testsuite skipped="0" hostname="小琪琪的XPro" name="com.edu.lijiaqi.RNS.DeleteTest" tests="1" failures="0" timestamp="06 五月 2020 12:36:21 GMT" time="6.721" errors="0">
  <testcase name="deleteTest" time="6.721" classname="com.edu.lijiaqi.RNS.DeleteTest"/>
</testsuite> <!-- com.edu.lijiaqi.RNS.DeleteTest -->
