<?xml version="1.0" encoding="UTF-8"?>
<!-- Generated by org.testng.reporters.JUnitReportReporter -->
<testsuite skipped="0" hostname="小琪琪的XPro" name="com.edu.lijiaqi.RNS.TestDemo" tests="1" failures="0" timestamp="27 四月 2020 13:54:52 GMT" time="1.475" errors="0">
  <testcase name="test1" time="1.475" classname="com.edu.lijiaqi.RNS.TestDemo"/>
</testsuite> <!-- com.edu.lijiaqi.RNS.TestDemo -->
