<?xml version="1.0" encoding="UTF-8"?>
<!-- Generated by org.testng.reporters.JUnitReportReporter -->
<testsuite skipped="0" hostname="小琪琪的XPro" name="com.edu.lijiaqi.RNS.CollectTest" tests="2" failures="0" timestamp="28 四月 2020 15:20:13 GMT" time="6.669" errors="0">
  <testcase name="offTest" time="3.309" classname="com.edu.lijiaqi.RNS.CollectTest"/>
  <testcase name="onTest" time="3.360" classname="com.edu.lijiaqi.RNS.CollectTest"/>
</testsuite> <!-- com.edu.lijiaqi.RNS.CollectTest -->
