<?xml version="1.0" encoding="UTF-8"?>
<!-- Generated by org.testng.reporters.JUnitReportReporter -->
<testsuite skipped="0" hostname="小琪琪的XPro" name="com.edu.lijiaqi.RNS.SlideTest" tests="2" failures="0" timestamp="08 五月 2020 08:20:30 GMT" time="12.834" errors="0">
  <testcase name="refreshTest" time="6.856" classname="com.edu.lijiaqi.RNS.SlideTest"/>
  <testcase name="downTest" time="5.978" classname="com.edu.lijiaqi.RNS.SlideTest"/>
</testsuite> <!-- com.edu.lijiaqi.RNS.SlideTest -->
