<?xml version="1.0" encoding="UTF-8"?>
<!-- Generated by org.testng.reporters.JUnitReportReporter -->
<testsuite skipped="0" hostname="小琪琪的XPro" name="com.edu.lijiaqi.RNS.CommentTest" tests="1" failures="0" timestamp="28 四月 2020 15:55:47 GMT" time="6.756" errors="0">
  <testcase name="comtTest" time="6.756" classname="com.edu.lijiaqi.RNS.CommentTest"/>
</testsuite> <!-- com.edu.lijiaqi.RNS.CommentTest -->
