<?xml version="1.0" encoding="UTF-8"?>
<!-- Generated by org.testng.reporters.JUnitReportReporter -->
<testsuite skipped="0" hostname="DESKTOP-GPM8FV2" name="edu.testcase.WeatherPageTest" tests="2" failures="0" timestamp="28 四月 2020 07:45:50 GMT" time="5.919" errors="0">
  <testcase name="testSearchCity2" time="2.450" classname="edu.testcase.WeatherPageTest"/>
  <testcase name="testSearchCity1" time="3.469" classname="edu.testcase.WeatherPageTest"/>
</testsuite> <!-- edu.testcase.WeatherPageTest -->
