<?xml version="1.0" encoding="UTF-8"?>
<!-- Generated by org.testng.reporters.JUnitReportReporter -->
<testsuite skipped="0" hostname="DESKTOP-GPM8FV2" name="edu.testcase.WeatherPageTest" tests="1" failures="0" timestamp="07 五月 2020 07:48:57 GMT" time="7.259" errors="0">
  <testcase name="testSearchCity5" time="7.259" classname="edu.testcase.WeatherPageTest"/>
</testsuite> <!-- edu.testcase.WeatherPageTest -->
